# JRE version: OpenJDK Runtime Environment (11.0.15) (build 11.0.15+0-b2043.56-9505619)
# Java VM: OpenJDK 64-Bit Server VM (11.0.15+0-b2043.56-9505619, mixed mode, tiered, compressed oops, g1 gc, windows-amd64)
Heap:
 garbage-first heap   total 315392K, used 233971K [0x00000000a0000000, 0x0000000100000000)
  region size 1024K, 29 young (29696K), 2 survivors (2048K)
 Metaspace       used 153362K, capacity 159538K, committed 159768K, reserved 1187840K
  class space    used 18488K, capacity 20501K, committed 20628K, reserved 1048576K
GC Heap History (20 events):
Event: 933.240 GC heap before
{Heap before GC invocations=187 (full 0):
 garbage-first heap   total 315392K, used 267655K [0x00000000a0000000, 0x0000000100000000)
  region size 1024K, 58 young (59392K), 1 survivors (1024K)
 Metaspace       used 150651K, capacity 156573K, committed 156696K, reserved 1185792K
  class space    used 18124K, capacity 20045K, committed 20116K, reserved 1048576K
}
Event: 933.243 GC heap after
{Heap after GC invocations=188 (full 0):
 garbage-first heap   total 315392K, used 210078K [0x00000000a0000000, 0x0000000100000000)
  region size 1024K, 2 young (2048K), 2 survivors (2048K)
 Metaspace       used 150651K, capacity 156573K, committed 156696K, reserved 1185792K
  class space    used 18124K, capacity 20045K, committed 20116K, reserved 1048576K
}
Event: 933.346 GC heap before
{Heap before GC invocations=189 (full 0):
 garbage-first heap   total 315392K, used 269470K [0x00000000a0000000, 0x0000000100000000)
  region size 1024K, 60 young (61440K), 2 survivors (2048K)
 Metaspace       used 150651K, capacity 156573K, committed 156696K, reserved 1185792K
  class space    used 18124K, capacity 20045K, committed 20116K, reserved 1048576K
}
Event: 933.349 GC heap after
{Heap after GC invocations=190 (full 0):
 garbage-first heap   total 315392K, used 210985K [0x00000000a0000000, 0x0000000100000000)
  region size 1024K, 3 young (3072K), 3 survivors (3072K)
 Metaspace       used 150651K, capacity 156573K, committed 156696K, reserved 1185792K
  class space    used 18124K, capacity 20045K, committed 20116K, reserved 1048576K
}
Event: 933.371 GC heap before
{Heap before GC invocations=190 (full 0):
 garbage-first heap   total 315392K, used 222249K [0x00000000a0000000, 0x0000000100000000)
  region size 1024K, 15 young (15360K), 3 survivors (3072K)
 Metaspace       used 150651K, capacity 156573K, committed 156696K, reserved 1185792K
  class space    used 18124K, capacity 20045K, committed 20116K, reserved 1048576K
}
Event: 933.375 GC heap after
{Heap after GC invocations=191 (full 0):
 garbage-first heap   total 315392K, used 205625K [0x00000000a0000000, 0x0000000100000000)
  region size 1024K, 2 young (2048K), 2 survivors (2048K)
 Metaspace       used 150651K, capacity 156573K, committed 156696K, reserved 1185792K
  class space    used 18124K, capacity 20045K, committed 20116K, reserved 1048576K
}
Event: 933.963 GC heap before
{Heap before GC invocations=191 (full 0):
 garbage-first heap   total 315392K, used 267065K [0x00000000a0000000, 0x0000000100000000)
  region size 1024K, 63 young (64512K), 2 survivors (2048K)
 Metaspace       used 152064K, capacity 158070K, committed 158232K, reserved 1187840K
  class space    used 18324K, capacity 20271K, committed 20372K, reserved 1048576K
}
Event: 933.968 GC heap after
{Heap after GC invocations=192 (full 0):
 garbage-first heap   total 315392K, used 205007K [0x00000000a0000000, 0x0000000100000000)
  region size 1024K, 3 young (3072K), 3 survivors (3072K)
 Metaspace       used 152064K, capacity 158070K, committed 158232K, reserved 1187840K
  class space    used 18324K, capacity 20271K, committed 20372K, reserved 1048576K
}
Event: 934.301 GC heap before
{Heap before GC invocations=193 (full 0):
 garbage-first heap   total 315392K, used 269519K [0x00000000a0000000, 0x0000000100000000)
  region size 1024K, 66 young (67584K), 3 survivors (3072K)
 Metaspace       used 152073K, capacity 158070K, committed 158232K, reserved 1187840K
  class space    used 18324K, capacity 20271K, committed 20372K, reserved 1048576K
}
Event: 934.305 GC heap after
{Heap after GC invocations=194 (full 0):
 garbage-first heap   total 315392K, used 203852K [0x00000000a0000000, 0x0000000100000000)
  region size 1024K, 2 young (2048K), 2 survivors (2048K)
 Metaspace       used 152073K, capacity 158070K, committed 158232K, reserved 1187840K
  class space    used 18324K, capacity 20271K, committed 20372K, reserved 1048576K
}
Event: 934.356 GC heap before
{Heap before GC invocations=194 (full 0):
 garbage-first heap   total 315392K, used 217164K [0x00000000a0000000, 0x0000000100000000)
  region size 1024K, 15 young (15360K), 2 survivors (2048K)
 Metaspace       used 152073K, capacity 158070K, committed 158232K, reserved 1187840K
  class space    used 18324K, capacity 20271K, committed 20372K, reserved 1048576K
}
Event: 934.360 GC heap after
{Heap after GC invocations=195 (full 0):
 garbage-first heap   total 315392K, used 202884K [0x00000000a0000000, 0x0000000100000000)
  region size 1024K, 1 young (1024K), 1 survivors (1024K)
 Metaspace       used 152073K, capacity 158070K, committed 158232K, reserved 1187840K
  class space    used 18324K, capacity 20271K, committed 20372K, reserved 1048576K
}
Event: 934.470 GC heap before
{Heap before GC invocations=195 (full 0):
 garbage-first heap   total 315392K, used 213124K [0x00000000a0000000, 0x0000000100000000)
  region size 1024K, 12 young (12288K), 1 survivors (1024K)
 Metaspace       used 152106K, capacity 158070K, committed 158232K, reserved 1187840K
  class space    used 18324K, capacity 20271K, committed 20372K, reserved 1048576K
}
Event: 934.475 GC heap after
{Heap after GC invocations=196 (full 0):
 garbage-first heap   total 315392K, used 204049K [0x00000000a0000000, 0x0000000100000000)
  region size 1024K, 2 young (2048K), 2 survivors (2048K)
 Metaspace       used 152106K, capacity 158070K, committed 158232K, reserved 1187840K
  class space    used 18324K, capacity 20271K, committed 20372K, reserved 1048576K
}
Event: 935.166 GC heap before
{Heap before GC invocations=197 (full 0):
 garbage-first heap   total 315392K, used 272657K [0x00000000a0000000, 0x0000000100000000)
  region size 1024K, 68 young (69632K), 2 survivors (2048K)
 Metaspace       used 152880K, capacity 158853K, committed 159000K, reserved 1187840K
  class space    used 18404K, capacity 20372K, committed 20372K, reserved 1048576K
}
Event: 935.170 GC heap after
{Heap after GC invocations=198 (full 0):
 garbage-first heap   total 315392K, used 208243K [0x00000000a0000000, 0x0000000100000000)
  region size 1024K, 4 young (4096K), 4 survivors (4096K)
 Metaspace       used 152880K, capacity 158853K, committed 159000K, reserved 1187840K
  class space    used 18404K, capacity 20372K, committed 20372K, reserved 1048576K
}
Event: 935.224 GC heap before
{Heap before GC invocations=198 (full 0):
 garbage-first heap   total 315392K, used 218483K [0x00000000a0000000, 0x0000000100000000)
  region size 1024K, 15 young (15360K), 4 survivors (4096K)
 Metaspace       used 153095K, capacity 159243K, committed 159384K, reserved 1187840K
  class space    used 18439K, capacity 20432K, committed 20500K, reserved 1048576K
}
Event: 935.228 GC heap after
{Heap after GC invocations=199 (full 0):
 garbage-first heap   total 315392K, used 205203K [0x00000000a0000000, 0x0000000100000000)
  region size 1024K, 1 young (1024K), 1 survivors (1024K)
 Metaspace       used 153095K, capacity 159243K, committed 159384K, reserved 1187840K
  class space    used 18439K, capacity 20432K, committed 20500K, reserved 1048576K
}
Event: 935.300 GC heap before
{Heap before GC invocations=199 (full 0):
 garbage-first heap   total 315392K, used 221587K [0x00000000a0000000, 0x0000000100000000)
  region size 1024K, 19 young (19456K), 1 survivors (1024K)
 Metaspace       used 153271K, capacity 159463K, committed 159640K, reserved 1187840K
  class space    used 18469K, capacity 20475K, committed 20500K, reserved 1048576K
}
Event: 935.305 GC heap after
{Heap after GC invocations=200 (full 0):
 garbage-first heap   total 315392K, used 206323K [0x00000000a0000000, 0x0000000100000000)
  region size 1024K, 2 young (2048K), 2 survivors (2048K)
 Metaspace       used 153271K, capacity 159463K, committed 159640K, reserved 1187840K
  class space    used 18469K, capacity 20475K, committed 20500K, reserved 1048576K
}

